<?xml version="1.0" encoding="UTF-8"?>
<robot generator="Robot 4.1 (Python 3.7.4 on win32)" generated="20221002 14:17:51.825" rpa="false" schemaversion="2">
<suite id="s1" name="DataDriven" source="C:\Users\n.karimian\PycharmProjects\RobotFW3\Tests\DataDriven.robot">
<kw name="Start TestCase" library="CommonFunctionality" type="SETUP">
<kw name="Set Selenium Speed" library="SeleniumLibrary">
<arg>${speed}</arg>
<doc>Sets the delay that is waited after each Selenium command.</doc>
<status status="PASS" starttime="20221002 14:17:52.042" endtime="20221002 14:17:52.042"/>
</kw>
<kw name="Set Selenium Timeout" library="SeleniumLibrary">
<arg>${timeout}</arg>
<doc>Sets the timeout that is used by various keywords.</doc>
<status status="PASS" starttime="20221002 14:17:52.042" endtime="20221002 14:17:52.043"/>
</kw>
<kw name="Open Browser" library="SeleniumLibrary">
<arg>${url}</arg>
<arg>${browser}</arg>
<doc>Opens a new browser instance to the optional ``url``.</doc>
<msg timestamp="20221002 14:17:52.043" level="INFO">Opening browser 'Chrome' to base url 'https://www.digikala.com/'.</msg>
<status status="PASS" starttime="20221002 14:17:52.043" endtime="20221002 14:17:58.405"/>
</kw>
<kw name="Maximize Browser Window" library="SeleniumLibrary">
<doc>Maximizes current browser window.</doc>
<status status="PASS" starttime="20221002 14:17:58.405" endtime="20221002 14:18:02.470"/>
</kw>
<status status="PASS" starttime="20221002 14:17:52.041" endtime="20221002 14:18:02.470"/>
</kw>
<test id="s1-t1" name="Search For Local Magazines">
<kw name="Search For Books And Magazines" library="ChoosingFromStore">
<arg>//img[@alt="مجلات داخلی"]</arg>
<arg>//*[@id="plpLayoutContainer"]/section[2]/div/div/div[1]/div[10]/div/div[2]/div/div/div[3]</arg>
<arg>//*[@id="plpLayoutContainer"]/section[2]/div/div/div[1]/div[10]/div[2]/div[7]/div/div[2]/label/div</arg>
<arg>//img[@alt="مجله نیم روز شماره 6 - 7"]</arg>
<kw name="Wait Until Element Is Visible" library="SeleniumLibrary">
<arg>//*[@id="base_layout_desktop_fixed_header"]/header/nav/div[1]/div[1]/div[1]/div</arg>
<doc>Waits until the element ``locator`` is visible.</doc>
<status status="PASS" starttime="20221002 14:18:02.472" endtime="20221002 14:18:04.626"/>
</kw>
<kw name="Mouse Over" library="SeleniumLibrary">
<arg>//*[@id="base_layout_desktop_fixed_header"]/header/nav/div[1]/div[1]/div[1]/div</arg>
<doc>Simulates hovering the mouse over the element ``locator``.</doc>
<msg timestamp="20221002 14:18:04.627" level="INFO">Simulating Mouse Over on element '//*[@id="base_layout_desktop_fixed_header"]/header/nav/div[1]/div[1]/div[1]/div'.</msg>
<status status="PASS" starttime="20221002 14:18:04.626" endtime="20221002 14:18:06.941"/>
</kw>
<kw name="Mouse Over" library="SeleniumLibrary">
<arg>//a[@href="/main/book-and-media/"]</arg>
<doc>Simulates hovering the mouse over the element ``locator``.</doc>
<msg timestamp="20221002 14:18:06.942" level="INFO">Simulating Mouse Over on element '//a[@href="/main/book-and-media/"]'.</msg>
<status status="PASS" starttime="20221002 14:18:06.941" endtime="20221002 14:18:09.228"/>
</kw>
<kw name="Press Keys" library="SeleniumLibrary">
<arg>//a[@href="/main/book-and-media/"]</arg>
<arg>[Return]</arg>
<doc>Simulates the user pressing key(s) to an element or on the active browser.</doc>
<msg timestamp="20221002 14:18:09.229" level="INFO">Sending key(s) ('[Return]',) to //a[@href="/main/book-and-media/"] element.</msg>
<msg timestamp="20221002 14:18:11.681" level="INFO">Sending keys [Return]</msg>
<status status="PASS" starttime="20221002 14:18:09.228" endtime="20221002 14:18:12.700"/>
</kw>
<kw name="Sleep" library="BuiltIn">
<arg>5</arg>
<doc>Pauses the test executed for the given time.</doc>
<msg timestamp="20221002 14:18:17.713" level="INFO">Slept 5 seconds</msg>
<status status="PASS" starttime="20221002 14:18:12.700" endtime="20221002 14:18:17.713"/>
</kw>
<kw name="Run Keyword And Ignore Error" library="BuiltIn">
<arg>Scroll Element Into View</arg>
<arg>//img[@alt="مجلات، نقشه و نشانگر کتاب"]</arg>
<doc>Runs the given keyword with the given arguments and ignores possible error.</doc>
<kw name="Scroll Element Into View" library="SeleniumLibrary">
<arg>//img[@alt="مجلات، نقشه و نشانگر کتاب"]</arg>
<doc>Scrolls the element identified by ``locator`` into view.</doc>
<kw name="Capture Page Screenshot" library="SeleniumLibrary">
<doc>Takes a screenshot of the current page and embeds it into a log file.</doc>
<msg timestamp="20221002 14:18:20.159" level="INFO" html="true">&lt;/td&gt;&lt;/tr&gt;&lt;tr&gt;&lt;td colspan="3"&gt;&lt;a href="selenium-screenshot-1.png"&gt;&lt;img src="selenium-screenshot-1.png" width="800px"&gt;&lt;/a&gt;</msg>
<status status="PASS" starttime="20221002 14:18:18.777" endtime="20221002 14:18:20.159"/>
</kw>
<msg timestamp="20221002 14:18:20.163" level="FAIL">MoveTargetOutOfBoundsException: Message: move target out of bounds
  (Session info: chrome=105.0.5195.127)
</msg>
<status status="FAIL" starttime="20221002 14:18:17.714" endtime="20221002 14:18:20.164"/>
</kw>
<status status="PASS" starttime="20221002 14:18:17.713" endtime="20221002 14:18:20.164"/>
</kw>
<kw name="Run Keyword And Ignore Error" library="BuiltIn">
<arg>Click Element</arg>
<arg>//img[@alt="مجلات، نقشه و نشانگر کتاب"]</arg>
<doc>Runs the given keyword with the given arguments and ignores possible error.</doc>
<kw name="Click Element" library="SeleniumLibrary">
<arg>//img[@alt="مجلات، نقشه و نشانگر کتاب"]</arg>
<doc>Click the element identified by ``locator``.</doc>
<msg timestamp="20221002 14:18:20.165" level="INFO">Clicking element '//img[@alt="مجلات، نقشه و نشانگر کتاب"]'.</msg>
<status status="PASS" starttime="20221002 14:18:20.164" endtime="20221002 14:18:22.317"/>
</kw>
<status status="PASS" starttime="20221002 14:18:20.164" endtime="20221002 14:18:22.317"/>
</kw>
<kw name="Wait Until Element Is Visible" library="SeleniumLibrary">
<arg>//img[@alt="مجلات"]</arg>
<doc>Waits until the element ``locator`` is visible.</doc>
<status status="PASS" starttime="20221002 14:18:22.318" endtime="20221002 14:18:24.361"/>
</kw>
<kw name="Press Keys" library="SeleniumLibrary">
<arg>//img[@alt="مجلات"]</arg>
<arg>[Return]</arg>
<doc>Simulates the user pressing key(s) to an element or on the active browser.</doc>
<msg timestamp="20221002 14:18:24.362" level="INFO">Sending key(s) ('[Return]',) to //img[@alt="مجلات"] element.</msg>
<msg timestamp="20221002 14:18:26.745" level="INFO">Sending keys [Return]</msg>
<status status="PASS" starttime="20221002 14:18:24.361" endtime="20221002 14:18:27.764"/>
</kw>
<kw name="Wait Until Element Is Enabled" library="SeleniumLibrary">
<arg>${Magazine selection}</arg>
<doc>Waits until the element ``locator`` is enabled.</doc>
<status status="PASS" starttime="20221002 14:18:27.764" endtime="20221002 14:18:30.799"/>
</kw>
<kw name="Press Keys" library="SeleniumLibrary">
<arg>${Magazine selection}</arg>
<arg>[Return]</arg>
<doc>Simulates the user pressing key(s) to an element or on the active browser.</doc>
<msg timestamp="20221002 14:18:30.800" level="INFO">Sending key(s) ('[Return]',) to //img[@alt="مجلات داخلی"] element.</msg>
<msg timestamp="20221002 14:18:33.164" level="INFO">Sending keys [Return]</msg>
<status status="PASS" starttime="20221002 14:18:30.799" endtime="20221002 14:18:34.186"/>
</kw>
<kw name="Sleep" library="BuiltIn">
<arg>3</arg>
<doc>Pauses the test executed for the given time.</doc>
<msg timestamp="20221002 14:18:37.187" level="INFO">Slept 3 seconds</msg>
<status status="PASS" starttime="20221002 14:18:34.186" endtime="20221002 14:18:37.187"/>
</kw>
<kw name="Execute Javascript" library="SeleniumLibrary">
<arg>window.scrollTo(0, 3000)</arg>
<doc>Executes the given JavaScript code with possible arguments.</doc>
<msg timestamp="20221002 14:18:37.188" level="INFO">Executing JavaScript:
window.scrollTo(0, 3000)
Without any arguments.</msg>
<status status="PASS" starttime="20221002 14:18:37.187" endtime="20221002 14:18:38.192"/>
</kw>
<kw name="Sleep" library="BuiltIn">
<arg>1</arg>
<doc>Pauses the test executed for the given time.</doc>
<msg timestamp="20221002 14:18:39.194" level="INFO">Slept 1 second</msg>
<status status="PASS" starttime="20221002 14:18:38.193" endtime="20221002 14:18:39.194"/>
</kw>
<kw name="Wait Until Element Is Enabled" library="SeleniumLibrary">
<arg>${Cover Type}</arg>
<doc>Waits until the element ``locator`` is enabled.</doc>
<status status="PASS" starttime="20221002 14:18:39.194" endtime="20221002 14:18:42.262"/>
</kw>
<kw name="Sleep" library="BuiltIn">
<arg>1</arg>
<doc>Pauses the test executed for the given time.</doc>
<msg timestamp="20221002 14:18:43.263" level="INFO">Slept 1 second</msg>
<status status="PASS" starttime="20221002 14:18:42.262" endtime="20221002 14:18:43.263"/>
</kw>
<kw name="Click Element" library="SeleniumLibrary">
<arg>${Cover Type}</arg>
<doc>Click the element identified by ``locator``.</doc>
<msg timestamp="20221002 14:18:43.264" level="INFO">Clicking element '//*[@id="plpLayoutContainer"]/section[2]/div/div/div[1]/div[10]/div/div[2]/div/div/div[3]'.</msg>
<status status="PASS" starttime="20221002 14:18:43.263" endtime="20221002 14:18:45.374"/>
</kw>
<kw name="Sleep" library="BuiltIn">
<arg>1</arg>
<doc>Pauses the test executed for the given time.</doc>
<msg timestamp="20221002 14:18:46.375" level="INFO">Slept 1 second</msg>
<status status="PASS" starttime="20221002 14:18:45.374" endtime="20221002 14:18:46.375"/>
</kw>
<kw name="Run Keyword And Ignore Error" library="BuiltIn">
<arg>Select Frame</arg>
<arg>//*[@id="plpLayoutContainer"]/section[2]/div/div/div[1]/div[10]/div[2]</arg>
<doc>Runs the given keyword with the given arguments and ignores possible error.</doc>
<kw name="Select Frame" library="SeleniumLibrary">
<arg>//*[@id="plpLayoutContainer"]/section[2]/div/div/div[1]/div[10]/div[2]</arg>
<doc>Sets frame identified by ``locator`` as the current frame.</doc>
<msg timestamp="20221002 14:18:46.376" level="INFO">Selecting frame '//*[@id="plpLayoutContainer"]/section[2]/div/div/div[1]/div[10]/div[2]'.</msg>
<kw name="Capture Page Screenshot" library="SeleniumLibrary">
<doc>Takes a screenshot of the current page and embeds it into a log file.</doc>
<msg timestamp="20221002 14:18:48.743" level="INFO" html="true">&lt;/td&gt;&lt;/tr&gt;&lt;tr&gt;&lt;td colspan="3"&gt;&lt;a href="selenium-screenshot-2.png"&gt;&lt;img src="selenium-screenshot-2.png" width="800px"&gt;&lt;/a&gt;</msg>
<status status="PASS" starttime="20221002 14:18:47.457" endtime="20221002 14:18:48.743"/>
</kw>
<msg timestamp="20221002 14:18:48.745" level="FAIL">NoSuchFrameException: Message: no such frame
  (Session info: chrome=105.0.5195.127)
</msg>
<status status="FAIL" starttime="20221002 14:18:46.376" endtime="20221002 14:18:48.745"/>
</kw>
<status status="PASS" starttime="20221002 14:18:46.375" endtime="20221002 14:18:48.745"/>
</kw>
<kw name="Sleep" library="BuiltIn">
<arg>2</arg>
<doc>Pauses the test executed for the given time.</doc>
<msg timestamp="20221002 14:18:50.747" level="INFO">Slept 2 seconds</msg>
<status status="PASS" starttime="20221002 14:18:48.745" endtime="20221002 14:18:50.747"/>
</kw>
<kw name="Run Keyword And Ignore Error" library="BuiltIn">
<arg>Scroll Element Into View</arg>
<arg>${Filter}</arg>
<doc>Runs the given keyword with the given arguments and ignores possible error.</doc>
<kw name="Scroll Element Into View" library="SeleniumLibrary">
<arg>${Filter}</arg>
<doc>Scrolls the element identified by ``locator`` into view.</doc>
<status status="PASS" starttime="20221002 14:18:50.748" endtime="20221002 14:18:53.042"/>
</kw>
<status status="PASS" starttime="20221002 14:18:50.747" endtime="20221002 14:18:53.042"/>
</kw>
<kw name="Sleep" library="BuiltIn">
<arg>2</arg>
<doc>Pauses the test executed for the given time.</doc>
<msg timestamp="20221002 14:18:55.043" level="INFO">Slept 2 seconds</msg>
<status status="PASS" starttime="20221002 14:18:53.042" endtime="20221002 14:18:55.043"/>
</kw>
<kw name="Click Element" library="SeleniumLibrary">
<arg>${Filter}</arg>
<doc>Click the element identified by ``locator``.</doc>
<msg timestamp="20221002 14:18:55.044" level="INFO">Clicking element '//*[@id="plpLayoutContainer"]/section[2]/div/div/div[1]/div[10]/div[2]/div[7]/div/div[2]/label/div'.</msg>
<status status="PASS" starttime="20221002 14:18:55.043" endtime="20221002 14:18:57.214"/>
</kw>
<kw name="Unselect Frame" library="SeleniumLibrary">
<doc>Sets the main frame as the current frame.</doc>
<status status="PASS" starttime="20221002 14:18:57.214" endtime="20221002 14:18:58.220"/>
</kw>
<kw name="Wait Until Element Is Enabled" library="SeleniumLibrary">
<arg>${Magazine}</arg>
<doc>Waits until the element ``locator`` is enabled.</doc>
<status status="PASS" starttime="20221002 14:18:58.220" endtime="20221002 14:19:01.251"/>
</kw>
<kw name="Click Element" library="SeleniumLibrary">
<arg>${Magazine}</arg>
<doc>Click the element identified by ``locator``.</doc>
<msg timestamp="20221002 14:19:01.251" level="INFO">Clicking element '//img[@alt="مجله نیم روز شماره 6 - 7"]'.</msg>
<status status="PASS" starttime="20221002 14:19:01.251" endtime="20221002 14:19:03.395"/>
</kw>
<kw name="Switch Window" library="SeleniumLibrary">
<arg>new</arg>
<doc>Switches to browser window matching ``locator``.</doc>
<status status="PASS" starttime="20221002 14:19:03.396" endtime="20221002 14:19:07.457"/>
</kw>
<kw name="Page Should Contain" library="SeleniumLibrary">
<arg>کاغذی</arg>
<doc>Verifies that current page contains ``text``.</doc>
<msg timestamp="20221002 14:19:09.496" level="INFO">Current page contains text 'کاغذی'.</msg>
<status status="PASS" starttime="20221002 14:19:07.457" endtime="20221002 14:19:09.496"/>
</kw>
<status status="PASS" starttime="20221002 14:18:02.472" endtime="20221002 14:19:09.496"/>
</kw>
<tag>Functional</tag>
<status status="PASS" starttime="20221002 14:18:02.470" endtime="20221002 14:19:09.497"/>
</test>
<test id="s1-t2" name="Search For Foreign Magazines">
<kw name="Search For Books And Magazines" library="ChoosingFromStore">
<arg>//img[@alt="مجلات خارجی"]</arg>
<arg>//*[@id="plpLayoutContainer"]/section[2]/div/div/div[1]/div[12]/div/div[2]/div/div/div[3]</arg>
<arg>//*[@id="plpLayoutContainer"]/section[2]/div/div/div[1]/div[12]/div[2]/div[3]/div/div[2]/label/div</arg>
<arg>//img[@alt="مجله نيوز ويك جولاي 2011"]</arg>
<kw name="Wait Until Element Is Visible" library="SeleniumLibrary">
<arg>//*[@id="base_layout_desktop_fixed_header"]/header/nav/div[1]/div[1]/div[1]/div</arg>
<doc>Waits until the element ``locator`` is visible.</doc>
<status status="PASS" starttime="20221002 14:19:09.500" endtime="20221002 14:19:11.533"/>
</kw>
<kw name="Mouse Over" library="SeleniumLibrary">
<arg>//*[@id="base_layout_desktop_fixed_header"]/header/nav/div[1]/div[1]/div[1]/div</arg>
<doc>Simulates hovering the mouse over the element ``locator``.</doc>
<msg timestamp="20221002 14:19:11.534" level="INFO">Simulating Mouse Over on element '//*[@id="base_layout_desktop_fixed_header"]/header/nav/div[1]/div[1]/div[1]/div'.</msg>
<status status="PASS" starttime="20221002 14:19:11.533" endtime="20221002 14:19:13.838"/>
</kw>
<kw name="Mouse Over" library="SeleniumLibrary">
<arg>//a[@href="/main/book-and-media/"]</arg>
<doc>Simulates hovering the mouse over the element ``locator``.</doc>
<msg timestamp="20221002 14:19:13.838" level="INFO">Simulating Mouse Over on element '//a[@href="/main/book-and-media/"]'.</msg>
<status status="PASS" starttime="20221002 14:19:13.838" endtime="20221002 14:19:16.123"/>
</kw>
<kw name="Press Keys" library="SeleniumLibrary">
<arg>//a[@href="/main/book-and-media/"]</arg>
<arg>[Return]</arg>
<doc>Simulates the user pressing key(s) to an element or on the active browser.</doc>
<msg timestamp="20221002 14:19:16.124" level="INFO">Sending key(s) ('[Return]',) to //a[@href="/main/book-and-media/"] element.</msg>
<msg timestamp="20221002 14:19:18.562" level="INFO">Sending keys [Return]</msg>
<status status="PASS" starttime="20221002 14:19:16.123" endtime="20221002 14:19:19.611"/>
</kw>
<kw name="Sleep" library="BuiltIn">
<arg>5</arg>
<doc>Pauses the test executed for the given time.</doc>
<msg timestamp="20221002 14:19:24.613" level="INFO">Slept 5 seconds</msg>
<status status="PASS" starttime="20221002 14:19:19.611" endtime="20221002 14:19:24.613"/>
</kw>
<kw name="Run Keyword And Ignore Error" library="BuiltIn">
<arg>Scroll Element Into View</arg>
<arg>//img[@alt="مجلات، نقشه و نشانگر کتاب"]</arg>
<doc>Runs the given keyword with the given arguments and ignores possible error.</doc>
<kw name="Scroll Element Into View" library="SeleniumLibrary">
<arg>//img[@alt="مجلات، نقشه و نشانگر کتاب"]</arg>
<doc>Scrolls the element identified by ``locator`` into view.</doc>
<kw name="Capture Page Screenshot" library="SeleniumLibrary">
<doc>Takes a screenshot of the current page and embeds it into a log file.</doc>
<msg timestamp="20221002 14:19:27.021" level="INFO" html="true">&lt;/td&gt;&lt;/tr&gt;&lt;tr&gt;&lt;td colspan="3"&gt;&lt;a href="selenium-screenshot-3.png"&gt;&lt;img src="selenium-screenshot-3.png" width="800px"&gt;&lt;/a&gt;</msg>
<status status="PASS" starttime="20221002 14:19:25.642" endtime="20221002 14:19:27.021"/>
</kw>
<msg timestamp="20221002 14:19:27.023" level="FAIL">MoveTargetOutOfBoundsException: Message: move target out of bounds
  (Session info: chrome=105.0.5195.127)
</msg>
<status status="FAIL" starttime="20221002 14:19:24.614" endtime="20221002 14:19:27.023"/>
</kw>
<status status="PASS" starttime="20221002 14:19:24.613" endtime="20221002 14:19:27.023"/>
</kw>
<kw name="Run Keyword And Ignore Error" library="BuiltIn">
<arg>Click Element</arg>
<arg>//img[@alt="مجلات، نقشه و نشانگر کتاب"]</arg>
<doc>Runs the given keyword with the given arguments and ignores possible error.</doc>
<kw name="Click Element" library="SeleniumLibrary">
<arg>//img[@alt="مجلات، نقشه و نشانگر کتاب"]</arg>
<doc>Click the element identified by ``locator``.</doc>
<msg timestamp="20221002 14:19:27.024" level="INFO">Clicking element '//img[@alt="مجلات، نقشه و نشانگر کتاب"]'.</msg>
<status status="PASS" starttime="20221002 14:19:27.024" endtime="20221002 14:19:29.180"/>
</kw>
<status status="PASS" starttime="20221002 14:19:27.023" endtime="20221002 14:19:29.180"/>
</kw>
<kw name="Wait Until Element Is Visible" library="SeleniumLibrary">
<arg>//img[@alt="مجلات"]</arg>
<doc>Waits until the element ``locator`` is visible.</doc>
<status status="PASS" starttime="20221002 14:19:29.180" endtime="20221002 14:19:31.376"/>
</kw>
<kw name="Press Keys" library="SeleniumLibrary">
<arg>//img[@alt="مجلات"]</arg>
<arg>[Return]</arg>
<doc>Simulates the user pressing key(s) to an element or on the active browser.</doc>
<msg timestamp="20221002 14:19:31.377" level="INFO">Sending key(s) ('[Return]',) to //img[@alt="مجلات"] element.</msg>
<msg timestamp="20221002 14:19:33.787" level="INFO">Sending keys [Return]</msg>
<status status="PASS" starttime="20221002 14:19:31.376" endtime="20221002 14:19:34.812"/>
</kw>
<kw name="Wait Until Element Is Enabled" library="SeleniumLibrary">
<arg>${Magazine selection}</arg>
<doc>Waits until the element ``locator`` is enabled.</doc>
<status status="PASS" starttime="20221002 14:19:34.812" endtime="20221002 14:19:37.848"/>
</kw>
<kw name="Press Keys" library="SeleniumLibrary">
<arg>${Magazine selection}</arg>
<arg>[Return]</arg>
<doc>Simulates the user pressing key(s) to an element or on the active browser.</doc>
<msg timestamp="20221002 14:19:37.849" level="INFO">Sending key(s) ('[Return]',) to //img[@alt="مجلات خارجی"] element.</msg>
<msg timestamp="20221002 14:19:40.200" level="INFO">Sending keys [Return]</msg>
<status status="PASS" starttime="20221002 14:19:37.848" endtime="20221002 14:19:41.233"/>
</kw>
<kw name="Sleep" library="BuiltIn">
<arg>3</arg>
<doc>Pauses the test executed for the given time.</doc>
<msg timestamp="20221002 14:19:44.234" level="INFO">Slept 3 seconds</msg>
<status status="PASS" starttime="20221002 14:19:41.233" endtime="20221002 14:19:44.234"/>
</kw>
<kw name="Execute Javascript" library="SeleniumLibrary">
<arg>window.scrollTo(0, 3000)</arg>
<doc>Executes the given JavaScript code with possible arguments.</doc>
<msg timestamp="20221002 14:19:44.235" level="INFO">Executing JavaScript:
window.scrollTo(0, 3000)
Without any arguments.</msg>
<status status="PASS" starttime="20221002 14:19:44.234" endtime="20221002 14:19:45.240"/>
</kw>
<kw name="Sleep" library="BuiltIn">
<arg>1</arg>
<doc>Pauses the test executed for the given time.</doc>
<msg timestamp="20221002 14:19:46.245" level="INFO">Slept 1 second</msg>
<status status="PASS" starttime="20221002 14:19:45.241" endtime="20221002 14:19:46.245"/>
</kw>
<kw name="Wait Until Element Is Enabled" library="SeleniumLibrary">
<arg>${Cover Type}</arg>
<doc>Waits until the element ``locator`` is enabled.</doc>
<status status="PASS" starttime="20221002 14:19:46.245" endtime="20221002 14:19:49.480"/>
</kw>
<kw name="Sleep" library="BuiltIn">
<arg>1</arg>
<doc>Pauses the test executed for the given time.</doc>
<msg timestamp="20221002 14:19:50.482" level="INFO">Slept 1 second</msg>
<status status="PASS" starttime="20221002 14:19:49.480" endtime="20221002 14:19:50.482"/>
</kw>
<kw name="Click Element" library="SeleniumLibrary">
<arg>${Cover Type}</arg>
<doc>Click the element identified by ``locator``.</doc>
<msg timestamp="20221002 14:19:50.483" level="INFO">Clicking element '//*[@id="plpLayoutContainer"]/section[2]/div/div/div[1]/div[12]/div/div[2]/div/div/div[3]'.</msg>
<status status="PASS" starttime="20221002 14:19:50.482" endtime="20221002 14:19:52.594"/>
</kw>
<kw name="Sleep" library="BuiltIn">
<arg>1</arg>
<doc>Pauses the test executed for the given time.</doc>
<msg timestamp="20221002 14:19:53.595" level="INFO">Slept 1 second</msg>
<status status="PASS" starttime="20221002 14:19:52.594" endtime="20221002 14:19:53.595"/>
</kw>
<kw name="Run Keyword And Ignore Error" library="BuiltIn">
<arg>Select Frame</arg>
<arg>//*[@id="plpLayoutContainer"]/section[2]/div/div/div[1]/div[10]/div[2]</arg>
<doc>Runs the given keyword with the given arguments and ignores possible error.</doc>
<kw name="Select Frame" library="SeleniumLibrary">
<arg>//*[@id="plpLayoutContainer"]/section[2]/div/div/div[1]/div[10]/div[2]</arg>
<doc>Sets frame identified by ``locator`` as the current frame.</doc>
<msg timestamp="20221002 14:19:53.596" level="INFO">Selecting frame '//*[@id="plpLayoutContainer"]/section[2]/div/div/div[1]/div[10]/div[2]'.</msg>
<kw name="Capture Page Screenshot" library="SeleniumLibrary">
<doc>Takes a screenshot of the current page and embeds it into a log file.</doc>
<msg timestamp="20221002 14:19:55.922" level="INFO" html="true">&lt;/td&gt;&lt;/tr&gt;&lt;tr&gt;&lt;td colspan="3"&gt;&lt;a href="selenium-screenshot-4.png"&gt;&lt;img src="selenium-screenshot-4.png" width="800px"&gt;&lt;/a&gt;</msg>
<status status="PASS" starttime="20221002 14:19:54.614" endtime="20221002 14:19:55.923"/>
</kw>
<msg timestamp="20221002 14:19:55.925" level="FAIL">Element with locator '//*[@id="plpLayoutContainer"]/section[2]/div/div/div[1]/div[10]/div[2]' not found.</msg>
<status status="FAIL" starttime="20221002 14:19:53.595" endtime="20221002 14:19:55.925"/>
</kw>
<status status="PASS" starttime="20221002 14:19:53.595" endtime="20221002 14:19:55.925"/>
</kw>
<kw name="Sleep" library="BuiltIn">
<arg>2</arg>
<doc>Pauses the test executed for the given time.</doc>
<msg timestamp="20221002 14:19:57.927" level="INFO">Slept 2 seconds</msg>
<status status="PASS" starttime="20221002 14:19:55.925" endtime="20221002 14:19:57.927"/>
</kw>
<kw name="Run Keyword And Ignore Error" library="BuiltIn">
<arg>Scroll Element Into View</arg>
<arg>${Filter}</arg>
<doc>Runs the given keyword with the given arguments and ignores possible error.</doc>
<kw name="Scroll Element Into View" library="SeleniumLibrary">
<arg>${Filter}</arg>
<doc>Scrolls the element identified by ``locator`` into view.</doc>
<status status="PASS" starttime="20221002 14:19:57.927" endtime="20221002 14:20:00.213"/>
</kw>
<status status="PASS" starttime="20221002 14:19:57.927" endtime="20221002 14:20:00.213"/>
</kw>
<kw name="Sleep" library="BuiltIn">
<arg>2</arg>
<doc>Pauses the test executed for the given time.</doc>
<msg timestamp="20221002 14:20:02.214" level="INFO">Slept 2 seconds</msg>
<status status="PASS" starttime="20221002 14:20:00.213" endtime="20221002 14:20:02.214"/>
</kw>
<kw name="Click Element" library="SeleniumLibrary">
<arg>${Filter}</arg>
<doc>Click the element identified by ``locator``.</doc>
<msg timestamp="20221002 14:20:02.214" level="INFO">Clicking element '//*[@id="plpLayoutContainer"]/section[2]/div/div/div[1]/div[12]/div[2]/div[3]/div/div[2]/label/div'.</msg>
<status status="PASS" starttime="20221002 14:20:02.214" endtime="20221002 14:20:04.384"/>
</kw>
<kw name="Unselect Frame" library="SeleniumLibrary">
<doc>Sets the main frame as the current frame.</doc>
<status status="PASS" starttime="20221002 14:20:04.384" endtime="20221002 14:20:05.431"/>
</kw>
<kw name="Wait Until Element Is Enabled" library="SeleniumLibrary">
<arg>${Magazine}</arg>
<doc>Waits until the element ``locator`` is enabled.</doc>
<status status="PASS" starttime="20221002 14:20:05.432" endtime="20221002 14:20:08.469"/>
</kw>
<kw name="Click Element" library="SeleniumLibrary">
<arg>${Magazine}</arg>
<doc>Click the element identified by ``locator``.</doc>
<msg timestamp="20221002 14:20:08.469" level="INFO">Clicking element '//img[@alt="مجله نيوز ويك جولاي 2011"]'.</msg>
<status status="PASS" starttime="20221002 14:20:08.469" endtime="20221002 14:20:10.589"/>
</kw>
<kw name="Switch Window" library="SeleniumLibrary">
<arg>new</arg>
<doc>Switches to browser window matching ``locator``.</doc>
<status status="PASS" starttime="20221002 14:20:10.589" endtime="20221002 14:20:14.624"/>
</kw>
<kw name="Page Should Contain" library="SeleniumLibrary">
<arg>کاغذی</arg>
<doc>Verifies that current page contains ``text``.</doc>
<msg timestamp="20221002 14:20:16.664" level="INFO">Current page contains text 'کاغذی'.</msg>
<status status="PASS" starttime="20221002 14:20:14.624" endtime="20221002 14:20:16.664"/>
</kw>
<status status="PASS" starttime="20221002 14:19:09.499" endtime="20221002 14:20:16.664"/>
</kw>
<tag>Functional</tag>
<status status="PASS" starttime="20221002 14:19:09.498" endtime="20221002 14:20:16.665"/>
</test>
<kw name="Close Browser" library="SeleniumLibrary" type="TEARDOWN">
<doc>Closes the current browser.</doc>
<status status="PASS" starttime="20221002 14:20:16.667" endtime="20221002 14:20:19.782"/>
</kw>
<doc>Data Driven</doc>
<status status="PASS" starttime="20221002 14:17:51.828" endtime="20221002 14:20:19.782"/>
</suite>
<statistics>
<total>
<stat pass="2" fail="0" skip="0">All Tests</stat>
</total>
<tag>
<stat pass="2" fail="0" skip="0">Functional</stat>
</tag>
<suite>
<stat pass="2" fail="0" skip="0" id="s1" name="DataDriven">DataDriven</stat>
</suite>
</statistics>
<errors>
</errors>
</robot>
